{"level":"info","message":"Recieved POST request to /api/auth/register","service":"identity-service","timestamp":"2026-01-02 22:24:35"}
{"level":"info","message":"Request body [object Object]","service":"identity-service","timestamp":"2026-01-02 22:24:35"}
{"level":"info","message":"Register user endpoint...","service":"identity-service","timestamp":"2026-01-02 22:24:35"}
{"0":"\"","1":"e","10":"s","11":"t","12":" ","13":"b","14":"e","15":" ","16":"a","17":" ","18":"v","19":"a","2":"m","20":"l","21":"i","22":"d","23":" ","24":"e","25":"m","26":"a","27":"i","28":"l","3":"a","4":"i","5":"l","6":"\"","7":" ","8":"m","9":"u","level":"warn","message":"Valiation error","service":"identity-service","timestamp":"2026-01-02 22:24:35"}
{"level":"info","message":"Recieved POST request to /api/auth/register","service":"identity-service","timestamp":"2026-01-02 22:24:44"}
{"level":"info","message":"Request body [object Object]","service":"identity-service","timestamp":"2026-01-02 22:24:44"}
{"level":"info","message":"Register user endpoint...","service":"identity-service","timestamp":"2026-01-02 22:24:44"}
{"0":"\"","1":"p","10":" ","11":"l","12":"e","13":"n","14":"g","15":"t","16":"h","17":" ","18":"m","19":"u","2":"a","20":"s","21":"t","22":" ","23":"b","24":"e","25":" ","26":"a","27":"t","28":" ","29":"l","3":"s","30":"e","31":"a","32":"s","33":"t","34":" ","35":"6","36":" ","37":"c","38":"h","39":"a","4":"s","40":"r","41":"a","42":"c","43":"t","44":"e","45":"r","46":"s","47":" ","48":"l","49":"o","5":"w","50":"n","51":"g","6":"o","7":"r","8":"d","9":"\"","level":"warn","message":"Valiation error","service":"identity-service","timestamp":"2026-01-02 22:24:44"}
{"level":"info","message":"Recieved POST request to /api/auth/register","service":"identity-service","timestamp":"2026-01-02 22:24:52"}
{"level":"info","message":"Request body [object Object]","service":"identity-service","timestamp":"2026-01-02 22:24:52"}
{"level":"info","message":"Register user endpoint...","service":"identity-service","timestamp":"2026-01-02 22:24:52"}
{"level":"warn","message":"User alreay exists","service":"identity-service","timestamp":"2026-01-02 22:24:52"}
{"level":"info","message":"Connected to MongoDB successfully, host: ac-t9ts1co-shard-00-02.nx5ptiq.mongodb.net","service":"identity-service","timestamp":"2026-01-03 00:43:07"}
{"level":"info","message":"Recieved POST request to /api/auth/register","service":"identity-service","timestamp":"2026-01-03 00:43:29"}
{"level":"info","message":"Request body [object Object]","service":"identity-service","timestamp":"2026-01-03 00:43:29"}
{"level":"info","message":"Register user endpoint...","service":"identity-service","timestamp":"2026-01-03 00:43:29"}
{"level":"warn","message":"User alreay exists","service":"identity-service","timestamp":"2026-01-03 00:43:29"}
{"level":"info","message":"Recieved POST request to /api/auth/register","service":"identity-service","timestamp":"2026-01-03 00:44:06"}
{"level":"info","message":"Request body [object Object]","service":"identity-service","timestamp":"2026-01-03 00:44:06"}
{"level":"info","message":"Register user endpoint...","service":"identity-service","timestamp":"2026-01-03 00:44:06"}
{"buffer":{"data":[105,88,24,254,192,179,187,235,157,136,126,187],"type":"Buffer"},"level":"warn","message":"User saved successfully","service":"identity-service","timestamp":"2026-01-03 00:44:06"}
